<?xml version="1.0" encoding="UTF-8"?>
<!-- Generated by org.testng.reporters.JUnitXMLReporter -->
<testsuite ignored="1" hostname="LAPTOP-1D8K0B0C" failures="0" tests="6" name="Surefire test" time="100.786" errors="0" timestamp="2024-11-22T14:35:15 IST">
  <testcase classname="tests.DataProviderHashMapTest" name="EndTEndTest" time="16.258"/>
  <testcase classname="tests.DataProviderHashMapTest" name="EndTEndTest" time="2.057">
    <skipped/>
  </testcase> <!-- EndTEndTest -->
  <testcase classname="tests.DataProviderHashMapTest" name="EndTEndTest" time="16.512"/>
  <testcase classname="tests.DataProviderTest" name="OrderHistoryTest" time="2.991"/>
  <testcase classname="tests.Json_Test" name="EndTEndTest" time="4.275"/>
  <testcase classname="tests.Json_Test" name="EndTEndTest" time="17.085"/>
  <testcase classname="tests.DataProviderTest" name="EndTEndTest" time="0.0">
    <ignored/>
  </testcase> <!-- EndTEndTest -->
</testsuite> <!-- Surefire test -->
