<?xml version="1.0" encoding="UTF-8"?>
<!-- Generated by org.testng.reporters.JUnitXMLReporter -->
<testsuite ignored="1" hostname="LAPTOP-1D8K0B0C" failures="0" tests="6" name="Command line test" time="88.563" errors="0" timestamp="2024-11-23T13:45:56 IST">
  <testcase classname="tests.DataProviderHashMapTest" name="EndTEndTest" time="16.224"/>
  <testcase classname="tests.DataProviderHashMapTest" name="EndTEndTest" time="2.086">
    <skipped/>
  </testcase> <!-- EndTEndTest -->
  <testcase classname="tests.DataProviderHashMapTest" name="EndTEndTest" time="16.739"/>
  <testcase classname="tests.DataProviderTest" name="OrderHistoryTest" time="0.924"/>
  <testcase classname="tests.Json_Test" name="EndTEndTest" time="4.204"/>
  <testcase classname="tests.Json_Test" name="EndTEndTest" time="17.778"/>
  <testcase classname="tests.DataProviderTest" name="EndTEndTest" time="0.0">
    <ignored/>
  </testcase> <!-- EndTEndTest -->
</testsuite> <!-- Command line test -->
