<?xml version="1.0" encoding="UTF-8"?>
<testng-results ignored="0" total="1" passed="1" failed="0" skipped="0">
  <reporter-output>
  </reporter-output>
  <suite started-at="2024-11-22T15:45:08 IST" name="Suite" finished-at="2024-11-22T15:45:34 IST" duration-ms="25797">
    <groups>
    </groups>
    <test started-at="2024-11-22T15:45:08 IST" name="Test" finished-at="2024-11-22T15:45:34 IST" duration-ms="25797">
      <class name="tests.StandAlonePageObject">
        <test-method is-config="true" signature="startApplication()[pri:0, instance:tests.StandAlonePageObject@56620197]" started-at="2024-11-22T15:45:09 IST" name="startApplication" finished-at="2024-11-22T15:45:16 IST" duration-ms="7327" status="PASS">
          <reporter-output>
          </reporter-output>
        </test-method> <!-- startApplication -->
        <test-method signature="EndTEndTest()[pri:0, instance:tests.StandAlonePageObject@56620197]" started-at="2024-11-22T15:45:16 IST" name="EndTEndTest" finished-at="2024-11-22T15:45:34 IST" duration-ms="18364" status="PASS">
          <reporter-output>
          </reporter-output>
        </test-method> <!-- EndTEndTest -->
        <test-method is-config="true" signature="closebrowser()[pri:0, instance:tests.StandAlonePageObject@56620197]" started-at="2024-11-22T15:45:34 IST" name="closebrowser" finished-at="2024-11-22T15:45:34 IST" duration-ms="47" status="PASS">
          <reporter-output>
          </reporter-output>
        </test-method> <!-- closebrowser -->
      </class> <!-- tests.StandAlonePageObject -->
    </test> <!-- Test -->
  </suite> <!-- Suite -->
</testng-results>
