<?xml version="1.0" encoding="UTF-8"?>
<testng-results ignored="0" total="2" passed="2" failed="0" skipped="0">
  <reporter-output>
  </reporter-output>
  <suite started-at="2024-11-23T15:13:41 IST" name="Suite" finished-at="2024-11-23T15:14:06 IST" duration-ms="24695">
    <groups>
    </groups>
    <test started-at="2024-11-23T15:13:41 IST" name="Test" finished-at="2024-11-23T15:14:06 IST" duration-ms="24695">
      <class name="tests.Json_Test">
        <test-method is-config="true" signature="startApplication()[pri:0, instance:tests.Json_Test@291ae]" started-at="2024-11-23T15:13:42 IST" name="startApplication" finished-at="2024-11-23T15:13:51 IST" duration-ms="8979" status="PASS">
          <reporter-output>
          </reporter-output>
        </test-method> <!-- startApplication -->
        <test-method signature="EndTEndTest(java.util.HashMap)[pri:0, instance:tests.Json_Test@291ae]" started-at="2024-11-23T15:13:51 IST" name="EndTEndTest" data-provider="dataset" finished-at="2024-11-23T15:13:56 IST" duration-ms="5021" status="PASS">
          <params>
            <param index="0">
              <value>
                <![CDATA[{product=ZARA COAT 3, pass=Selenium@11, email=docker@gmail.com}]]>
              </value>
            </param>
          </params>
          <reporter-output>
          </reporter-output>
        </test-method> <!-- EndTEndTest -->
        <test-method is-config="true" signature="closebrowser()[pri:0, instance:tests.Json_Test@291ae]" started-at="2024-11-23T15:13:56 IST" name="closebrowser" finished-at="2024-11-23T15:13:56 IST" duration-ms="81" status="PASS">
          <reporter-output>
          </reporter-output>
        </test-method> <!-- closebrowser -->
        <test-method is-config="true" signature="startApplication()[pri:0, instance:tests.Json_Test@291ae]" started-at="2024-11-23T15:13:56 IST" name="startApplication" finished-at="2024-11-23T15:14:00 IST" duration-ms="4496" status="PASS">
          <reporter-output>
          </reporter-output>
        </test-method> <!-- startApplication -->
        <test-method signature="EndTEndTest(java.util.HashMap)[pri:0, instance:tests.Json_Test@291ae]" started-at="2024-11-23T15:14:00 IST" name="EndTEndTest" data-provider="dataset" finished-at="2024-11-23T15:14:06 IST" duration-ms="5430" status="PASS">
          <params>
            <param index="0">
              <value>
                <![CDATA[{product=ADIDAS ORIGINAL, pass=Karan@12, email=spider@gmail.com}]]>
              </value>
            </param>
          </params>
          <reporter-output>
          </reporter-output>
        </test-method> <!-- EndTEndTest -->
        <test-method is-config="true" signature="closebrowser()[pri:0, instance:tests.Json_Test@291ae]" started-at="2024-11-23T15:14:06 IST" name="closebrowser" finished-at="2024-11-23T15:14:06 IST" duration-ms="71" status="PASS">
          <reporter-output>
          </reporter-output>
        </test-method> <!-- closebrowser -->
      </class> <!-- tests.Json_Test -->
    </test> <!-- Test -->
  </suite> <!-- Suite -->
</testng-results>
