<?xml version="1.0" encoding="UTF-8"?>
<testng-results ignored="0" total="2" passed="2" failed="0" skipped="0">
  <reporter-output>
  </reporter-output>
  <suite started-at="2024-11-23T13:46:45 IST" name="Default suite" finished-at="2024-11-23T13:47:28 IST" duration-ms="43094">
    <groups>
    </groups>
    <test started-at="2024-11-23T13:46:45 IST" name="Default test" finished-at="2024-11-23T13:47:28 IST" duration-ms="43094">
      <class name="tests.DataProviderHashMapTest">
        <test-method is-config="true" signature="startApplication()[pri:0, instance:tests.DataProviderHashMapTest@130161f7]" started-at="2024-11-23T13:46:45 IST" name="startApplication" finished-at="2024-11-23T13:46:51 IST" duration-ms="5830" status="PASS">
          <reporter-output>
          </reporter-output>
        </test-method> <!-- startApplication -->
        <test-method signature="EndTEndTest(java.util.HashMap)[pri:0, instance:tests.DataProviderHashMapTest@130161f7]" started-at="2024-11-23T13:46:51 IST" name="EndTEndTest" data-provider="dataset" finished-at="2024-11-23T13:47:07 IST" duration-ms="16056" status="PASS">
          <params>
            <param index="0">
              <value>
                <![CDATA[{product=ZARA COAT 3, pass=Karan@13, email=watch@gmail.com}]]>
              </value>
            </param>
          </params>
          <reporter-output>
          </reporter-output>
        </test-method> <!-- EndTEndTest -->
        <test-method is-config="true" signature="closebrowser()[pri:0, instance:tests.DataProviderHashMapTest@130161f7]" started-at="2024-11-23T13:47:07 IST" name="closebrowser" finished-at="2024-11-23T13:47:07 IST" duration-ms="44" status="PASS">
          <reporter-output>
          </reporter-output>
        </test-method> <!-- closebrowser -->
        <test-method is-config="true" signature="startApplication()[pri:0, instance:tests.DataProviderHashMapTest@130161f7]" started-at="2024-11-23T13:47:07 IST" name="startApplication" finished-at="2024-11-23T13:47:11 IST" duration-ms="4533" status="PASS">
          <reporter-output>
          </reporter-output>
        </test-method> <!-- startApplication -->
        <test-method signature="EndTEndTest(java.util.HashMap)[pri:0, instance:tests.DataProviderHashMapTest@130161f7]" started-at="2024-11-23T13:47:11 IST" name="EndTEndTest" data-provider="dataset" finished-at="2024-11-23T13:47:28 IST" duration-ms="16535" status="PASS">
          <params>
            <param index="0">
              <value>
                <![CDATA[{product=ADIDAS ORIGINAL, pass=Karan@12, email=spider@gmail.com}]]>
              </value>
            </param>
          </params>
          <reporter-output>
          </reporter-output>
        </test-method> <!-- EndTEndTest -->
        <test-method is-config="true" signature="closebrowser()[pri:0, instance:tests.DataProviderHashMapTest@130161f7]" started-at="2024-11-23T13:47:28 IST" name="closebrowser" finished-at="2024-11-23T13:47:28 IST" duration-ms="48" status="PASS">
          <reporter-output>
          </reporter-output>
        </test-method> <!-- closebrowser -->
      </class> <!-- tests.DataProviderHashMapTest -->
    </test> <!-- Default test -->
  </suite> <!-- Default suite -->
</testng-results>
