<?xml version="1.0" encoding="UTF-8"?>
<testng-results ignored="0" total="2" passed="2" failed="0" skipped="0">
  <reporter-output>
  </reporter-output>
  <suite started-at="2024-11-23T13:35:32 IST" name="Default suite" finished-at="2024-11-23T13:36:22 IST" duration-ms="50556">
    <groups>
    </groups>
    <test started-at="2024-11-23T13:35:32 IST" name="Default test" finished-at="2024-11-23T13:36:22 IST" duration-ms="50556">
      <class name="tests.Json_Test">
        <test-method is-config="true" signature="startApplication()[pri:0, instance:tests.Json_Test@130161f7]" started-at="2024-11-23T13:35:32 IST" name="startApplication" finished-at="2024-11-23T13:35:43 IST" duration-ms="10620" status="PASS">
          <reporter-output>
          </reporter-output>
        </test-method> <!-- startApplication -->
        <test-method signature="EndTEndTest(java.util.HashMap)[pri:0, instance:tests.Json_Test@130161f7]" started-at="2024-11-23T13:35:43 IST" name="EndTEndTest" data-provider="dataset" finished-at="2024-11-23T13:36:00 IST" duration-ms="17323" status="PASS">
          <params>
            <param index="0">
              <value>
                <![CDATA[{product=ZARA COAT 3, pass=Selenium@11, email=docker@gmail.com}]]>
              </value>
            </param>
          </params>
          <reporter-output>
          </reporter-output>
        </test-method> <!-- EndTEndTest -->
        <test-method is-config="true" signature="closebrowser()[pri:0, instance:tests.Json_Test@130161f7]" started-at="2024-11-23T13:36:00 IST" name="closebrowser" finished-at="2024-11-23T13:36:00 IST" duration-ms="43" status="PASS">
          <reporter-output>
          </reporter-output>
        </test-method> <!-- closebrowser -->
        <test-method is-config="true" signature="startApplication()[pri:0, instance:tests.Json_Test@130161f7]" started-at="2024-11-23T13:36:00 IST" name="startApplication" finished-at="2024-11-23T13:36:05 IST" duration-ms="4551" status="PASS">
          <reporter-output>
          </reporter-output>
        </test-method> <!-- startApplication -->
        <test-method signature="EndTEndTest(java.util.HashMap)[pri:0, instance:tests.Json_Test@130161f7]" started-at="2024-11-23T13:36:05 IST" name="EndTEndTest" data-provider="dataset" finished-at="2024-11-23T13:36:22 IST" duration-ms="17580" status="PASS">
          <params>
            <param index="0">
              <value>
                <![CDATA[{product=ADIDAS ORIGINAL, pass=Karan@12, email=spider@gmail.com}]]>
              </value>
            </param>
          </params>
          <reporter-output>
          </reporter-output>
        </test-method> <!-- EndTEndTest -->
        <test-method is-config="true" signature="closebrowser()[pri:0, instance:tests.Json_Test@130161f7]" started-at="2024-11-23T13:36:22 IST" name="closebrowser" finished-at="2024-11-23T13:36:22 IST" duration-ms="55" status="PASS">
          <reporter-output>
          </reporter-output>
        </test-method> <!-- closebrowser -->
      </class> <!-- tests.Json_Test -->
    </test> <!-- Default test -->
  </suite> <!-- Default suite -->
</testng-results>
