<?xml version="1.0" encoding="UTF-8"?>
<!-- Generated by org.testng.reporters.JUnitXMLReporter -->
<testsuite ignored="0" hostname="LAPTOP-1D8K0B0C" failures="1" tests="3" name="Depends On method test" time="13.956" errors="0" timestamp="2024-11-20T20:15:44 IST">
  <testcase classname="tests.DataProviderTest" name="EndTEndTest" time="1.251">
    <failure type="java.lang.AssertionError" message="expected [Login Successfully] but found []">
      <![CDATA[java.lang.AssertionError: expected [Login Successfully] but found []
at pageobjects.LoginPage.login(LoginPage.java:48)
at tests.DataProviderTest.EndTEndTest(DataProviderTest.java:27)
at java.base/java.util.ArrayList.forEach(ArrayList.java:1511)
... Removed 33 stack frames]]>
    </failure>
  </testcase> <!-- EndTEndTest -->
  <testcase classname="tests.DataProviderTest" name="EndTEndTest" time="3.739"/>
  <testcase classname="tests.DataProviderTest" name="OrderHistoryTest" time="0.0">
    <skipped/>
  </testcase> <!-- OrderHistoryTest -->
</testsuite> <!-- Depends On method test -->
